/*C11*/SET SCHEMA PUBLIC
DELETE FROM "mendixsystem$version" WHERE "versionnumber"='4.2'
INSERT INTO "mendixsystem$version" VALUES('4.2','2021-10-03 22:46:14.489000','3.1.0','unversioned','DateTimeWithZones')
COMMIT
/*C12*/SET SCHEMA PUBLIC
DELETE FROM "mendixsystem$entityidentifier" WHERE "id"='d4154981-8dac-4150-aec5-efa3ef62a7a2'
INSERT INTO "mendixsystem$entityidentifier" VALUES('d4154981-8dac-4150-aec5-efa3ef62a7a2',2,1801)
COMMIT
INSERT INTO "system$xasinstance" VALUES(562949953423013,'795bf3b9-b5c5-4992-be51-e71fffabd425','2021-10-04 09:17:22.448000','2021-10-04 09:17:22.455000',NULL,NULL,NULL)
COMMIT
DELETE FROM "system$userrole" WHERE "id"=2814749767106561
INSERT INTO "system$userrole" VALUES(2814749767106561,'8dd52bfa-6d7e-453b-b506-303c0a3d9567','','Administrator')
DELETE FROM "system$userrole" WHERE "id"=2814749767106562
INSERT INTO "system$userrole" VALUES(2814749767106562,'53f5d6fa-6da9-4a71-b011-454ec052cce8','','User')
COMMIT
/*C13*/SET SCHEMA PUBLIC
DELETE FROM "system$user" WHERE "id"=3377699720527873
INSERT INTO "system$user" VALUES(3377699720527873,'2021-10-03 21:48:45.829000',TRUE,'2021-10-03 21:48:45.829000',NULL,FALSE,FALSE,0,FALSE,'demo_administrator','{BCrypt}$2a$10$PvTPnU20/BeWda6UsSuBfOe0DN5mJ2DVX9sSC3AVeUDm8R5tGH8Uq','Administration.Account',NULL,3377699720527873)
COMMIT
/*C11*/DELETE FROM "system$user" WHERE "id"=3377699720527874
INSERT INTO "system$user" VALUES(3377699720527874,'2021-10-03 21:48:45.963000',TRUE,'2021-10-03 21:48:45.963000',NULL,FALSE,FALSE,0,FALSE,'demo_user','{BCrypt}$2a$10$C5a9.c8pT5x6v8ORLUdMwOSZiYgWjzUSQKxF4zIVdLD9IavIuaJJ6','Administration.Account',NULL,3377699720527874)
COMMIT
DELETE FROM "mendixsystem$properties" WHERE "key"='Mendix.Runtime.DeploymentID'
INSERT INTO "mendixsystem$properties" VALUES('Mendix.Runtime.DeploymentID','637689394276325863')
COMMIT
DELETE FROM "system$session" WHERE "id"=6473924464346691
DELETE FROM "system$session_user" WHERE "system$sessionid"=6473924464346691 AND "system$userid"=281474976712258
COMMIT
DELETE FROM "system$user" WHERE "id"=281474976710657
INSERT INTO "system$user" VALUES(281474976710657,'2021-10-03 21:46:15.855000',TRUE,'2021-10-03 21:46:15.855000',NULL,FALSE,FALSE,0,FALSE,'MxAdmin','{BCrypt}$2a$10$ixGvwpWDSNA22TIROpPBNeFvi/QN3/XV0UlrLleC3XhPqMdJ0pv8.','System.User',NULL,281474976710657)
COMMIT
DELETE FROM "system$xasinstance" WHERE "id"=562949953423013
INSERT INTO "system$xasinstance" VALUES(562949953423013,'795bf3b9-b5c5-4992-be51-e71fffabd425','2021-10-04 09:17:22.448000','2021-10-04 09:17:24.327000',NULL,NULL,NULL)
COMMIT
DELETE FROM "system$xasinstance" WHERE "id"=562949953422913
COMMIT
DELETE FROM "mendixsystem$entityidentifier" WHERE "id"='282e2e60-88a5-469d-84a5-ba8d9151644f'
INSERT INTO "mendixsystem$entityidentifier" VALUES('282e2e60-88a5-469d-84a5-ba8d9151644f',1,1801)
COMMIT
/*C13*/INSERT INTO "system$user" VALUES(281474976712358,'2021-10-04 09:17:24.868000',TRUE,'2021-10-04 09:17:24.868000','2021-10-04 09:17:24.962000',FALSE,TRUE,0,FALSE,'Anonymous_80ba6776-074f-4a6d-ad4a-b4ac4f3be618','{BCrypt}$2a$10$QmBVEK.v46IdqxpjUM4cPuDZqZ5uGYPBPZMhObj0DJhHLLKdrc/qO','System.User',NULL,281474976712358)
INSERT INTO "system$user_timezone" VALUES(281474976712358,2251799813685656)
INSERT INTO "system$userroles" VALUES(281474976712358,2814749767106562)
INSERT INTO "system$user_language" VALUES(281474976712358,7318349394477057)
COMMIT
/*C11*/INSERT INTO "system$user" VALUES(281474976712357,'2021-10-04 09:17:24.863000',TRUE,'2021-10-04 09:17:24.863000','2021-10-04 09:17:24.959000',FALSE,TRUE,0,FALSE,'Anonymous_17dbef4c-1a8c-4e1a-9502-106a9f642691','{BCrypt}$2a$10$/ymQ08HfQkNM/oXgO.gnEOpcrOFehhTO26mhCI1dCFEM2.qQk0Nkq','System.User',NULL,281474976712357)
INSERT INTO "system$user_timezone" VALUES(281474976712357,2251799813685656)
INSERT INTO "system$userroles" VALUES(281474976712357,2814749767106562)
INSERT INTO "system$user_language" VALUES(281474976712357,7318349394477057)
COMMIT
DELETE FROM "system$user" WHERE "id"=281474976712358
INSERT INTO "system$user" VALUES(281474976712358,'2021-10-04 09:17:24.868000',TRUE,'2021-10-04 09:17:24.868000','2021-10-04 09:17:24.980000',FALSE,TRUE,0,FALSE,'Anonymous_80ba6776-074f-4a6d-ad4a-b4ac4f3be618','{BCrypt}$2a$10$QmBVEK.v46IdqxpjUM4cPuDZqZ5uGYPBPZMhObj0DJhHLLKdrc/qO','System.User',NULL,281474976712358)
COMMIT
/*C13*/DELETE FROM "system$user" WHERE "id"=281474976712357
INSERT INTO "system$user" VALUES(281474976712357,'2021-10-04 09:17:24.863000',TRUE,'2021-10-04 09:17:24.863000','2021-10-04 09:17:24.981000',FALSE,TRUE,0,FALSE,'Anonymous_17dbef4c-1a8c-4e1a-9502-106a9f642691','{BCrypt}$2a$10$/ymQ08HfQkNM/oXgO.gnEOpcrOFehhTO26mhCI1dCFEM2.qQk0Nkq','System.User',NULL,281474976712357)
COMMIT
/*C16*/SET SCHEMA PUBLIC
DELETE FROM "mendixsystem$entityidentifier" WHERE "id"='37f9fd49-5318-4c63-9a51-f761779b202f'
INSERT INTO "mendixsystem$entityidentifier" VALUES('37f9fd49-5318-4c63-9a51-f761779b202f',23,1801)
COMMIT
/*C15*/SET SCHEMA PUBLIC
INSERT INTO "system$session" VALUES(6473924464346789,'8da30a1c-2e0e-467c-8010-b1d830033cf0','2021-10-04 09:17:25.040000','f2cfb8c8-e1e5-43ec-85ae-b7b384e6ed3f','2021-10-04 09:17:25.041000','f1bf8b8f-f6f3-48f7-a715-4c3185695cdf')
INSERT INTO "system$session_user" VALUES(6473924464346789,281474976712357)
COMMIT
/*C16*/INSERT INTO "system$session" VALUES(6473924464346790,'1c9479cd-af1d-4c36-b558-cd461a287aad','2021-10-04 09:17:25.040000','82ae1d96-2b4e-4dbb-8127-366ddf38eb7e','2021-10-04 09:17:25.041000','f82649bb-6477-438d-a4ed-24f3ec2f6040')
INSERT INTO "system$session_user" VALUES(6473924464346790,281474976712358)
COMMIT
/*C15*/DELETE FROM "mendixsystem$entityidentifier" WHERE "id"='7b186c02-eaf3-4e10-b9de-632f78a4d8dd'
INSERT INTO "mendixsystem$entityidentifier" VALUES('7b186c02-eaf3-4e10-b9de-632f78a4d8dd',15,1701)
COMMIT
/*C14*/SET SCHEMA PUBLIC
DELETE FROM "unittesting$unittest" WHERE "id"=5910974510923777
DELETE FROM "unittesting$unittest" WHERE "id"=5910974510923778
DELETE FROM "unittesting$unittest" WHERE "id"=5910974510923779
DELETE FROM "unittesting$unittest" WHERE "id"=5910974510923780
DELETE FROM "unittesting$unittest" WHERE "id"=5910974510923781
DELETE FROM "unittesting$unittest" WHERE "id"=5910974510923782
DELETE FROM "unittesting$unittest" WHERE "id"=5910974510923783
DELETE FROM "unittesting$unittest" WHERE "id"=5910974510923784
INSERT INTO "unittesting$unittest" VALUES(5910974510923777,TRUE,NULL,NULL,FALSE,'UnitTesting.Test_FailingUnitTest',NULL,NULL,NULL)
DELETE FROM "unittesting$unittest_testsuite" WHERE "unittesting$unittestid"=5910974510923777 AND "unittesting$testsuiteid"=4222124650659842
INSERT INTO "unittesting$unittest_testsuite" VALUES(5910974510923777,4222124650659842)
INSERT INTO "unittesting$unittest" VALUES(5910974510923778,TRUE,NULL,NULL,FALSE,'UnitTesting.Test_IsAssertionErrorCheck',NULL,NULL,NULL)
DELETE FROM "unittesting$unittest_testsuite" WHERE "unittesting$unittestid"=5910974510923778 AND "unittesting$testsuiteid"=4222124650659842
INSERT INTO "unittesting$unittest_testsuite" VALUES(5910974510923778,4222124650659842)
INSERT INTO "unittesting$unittest" VALUES(5910974510923779,TRUE,NULL,NULL,FALSE,'UnitTesting.Test_ValidUnitTest',NULL,NULL,NULL)
DELETE FROM "unittesting$unittest_testsuite" WHERE "unittesting$unittestid"=5910974510923779 AND "unittesting$testsuiteid"=4222124650659842
INSERT INTO "unittesting$unittest_testsuite" VALUES(5910974510923779,4222124650659842)
INSERT INTO "unittesting$unittest" VALUES(5910974510923780,TRUE,NULL,NULL,FALSE,'UnitTesting.Test_WithoutReturn',NULL,NULL,NULL)
DELETE FROM "unittesting$unittest_testsuite" WHERE "unittesting$unittestid"=5910974510923780 AND "unittesting$testsuiteid"=4222124650659842
INSERT INTO "unittesting$unittest_testsuite" VALUES(5910974510923780,4222124650659842)
INSERT INTO "unittesting$unittest" VALUES(5910974510923781,TRUE,NULL,NULL,FALSE,'UnitTesting.UT_ValidUnitTest',NULL,NULL,NULL)
DELETE FROM "unittesting$unittest_testsuite" WHERE "unittesting$unittestid"=5910974510923781 AND "unittesting$testsuiteid"=4222124650659842
INSERT INTO "unittesting$unittest_testsuite" VALUES(5910974510923781,4222124650659842)
INSERT INTO "unittesting$unittest" VALUES(5910974510923782,FALSE,NULL,NULL,FALSE,'unittesting.UnittestingUnitTest1/testOfOneSecondSetupAndOneSecundRun',NULL,NULL,NULL)
DELETE FROM "unittesting$unittest_testsuite" WHERE "unittesting$unittestid"=5910974510923782 AND "unittesting$testsuiteid"=4222124650659842
INSERT INTO "unittesting$unittest_testsuite" VALUES(5910974510923782,4222124650659842)
INSERT INTO "unittesting$unittest" VALUES(5910974510923783,FALSE,NULL,NULL,FALSE,'unittesting.UnittestingUnitTest1/testThatThrowsException',NULL,NULL,NULL)
DELETE FROM "unittesting$unittest_testsuite" WHERE "unittesting$unittestid"=5910974510923783 AND "unittesting$testsuiteid"=4222124650659842
INSERT INTO "unittesting$unittest_testsuite" VALUES(5910974510923783,4222124650659842)
INSERT INTO "unittesting$unittest" VALUES(5910974510923784,FALSE,NULL,NULL,FALSE,'unittesting.UnittestingUnitTest2/evenMoreUnitTests',NULL,NULL,NULL)
DELETE FROM "unittesting$unittest_testsuite" WHERE "unittesting$unittestid"=5910974510923784 AND "unittesting$testsuiteid"=4222124650659842
INSERT INTO "unittesting$unittest_testsuite" VALUES(5910974510923784,4222124650659842)
DELETE FROM "unittesting$testsuite" WHERE "id"=4222124650659842
INSERT INTO "unittesting$testsuite" VALUES(4222124650659842,8,0,'Test_',0,TRUE,'UT_','UnitTesting',NULL,NULL)
DELETE FROM "unittesting$unittest" WHERE "id"=5910974510924288
DELETE FROM "unittesting$unittest" WHERE "id"=5910974510924289
DELETE FROM "unittesting$unittest" WHERE "id"=5910974510924291
DELETE FROM "unittesting$unittest" WHERE "id"=5910974510924292
DELETE FROM "unittesting$unittest" WHERE "id"=5910974510924293
DELETE FROM "unittesting$unittest" WHERE "id"=5910974510924294
DELETE FROM "unittesting$unittest" WHERE "id"=5910974510924295
DELETE FROM "unittesting$unittest" WHERE "id"=5910974510924296
INSERT INTO "unittesting$unittest" VALUES(5910974510924288,TRUE,'1 milliseconds','Microflow completed successfully',FALSE,'DateTimeWithZonesTests.TEST_formatDateTime_BadTimeZone','_3_Success','Bad timezone detected and error successfully thrown','2021-10-03 23:52:39.355000')
DELETE FROM "unittesting$unittest_testsuite" WHERE "unittesting$unittestid"=5910974510924288 AND "unittesting$testsuiteid"=4222124650661350
INSERT INTO "unittesting$unittest_testsuite" VALUES(5910974510924288,4222124650661350)
INSERT INTO "unittesting$unittest" VALUES(5910974510924289,TRUE,'1 milliseconds','Microflow completed successfully',FALSE,'DateTimeWithZonesTests.TEST_formatDateTime_DefaultFormat','_3_Success','Starting microflow test ''DateTimeWithZonesTests.TEST_formatDateTime_DefaultFormat''','2021-10-03 23:52:39.360000')
DELETE FROM "unittesting$unittest_testsuite" WHERE "unittesting$unittestid"=5910974510924289 AND "unittesting$testsuiteid"=4222124650661350
INSERT INTO "unittesting$unittest_testsuite" VALUES(5910974510924289,4222124650661350)
INSERT INTO "unittesting$unittest" VALUES(5910974510924291,TRUE,'1 milliseconds','Microflow completed successfully',FALSE,'DateTimeWithZonesTests.TEST_formatDateTime_London','_3_Success','Starting microflow test ''DateTimeWithZonesTests.TEST_formatDateTime_London''','2021-10-03 23:52:39.365000')
DELETE FROM "unittesting$unittest_testsuite" WHERE "unittesting$unittestid"=5910974510924291 AND "unittesting$testsuiteid"=4222124650661350
INSERT INTO "unittesting$unittest_testsuite" VALUES(5910974510924291,4222124650661350)
INSERT INTO "unittesting$unittest" VALUES(5910974510924292,TRUE,'0 milliseconds','Microflow completed successfully',FALSE,'DateTimeWithZonesTests.TEST_formatDateTime_NewYork','_3_Success','Starting microflow test ''DateTimeWithZonesTests.TEST_formatDateTime_NewYork''','2021-10-03 23:52:39.371000')
DELETE FROM "unittesting$unittest_testsuite" WHERE "unittesting$unittestid"=5910974510924292 AND "unittesting$testsuiteid"=4222124650661350
INSERT INTO "unittesting$unittest_testsuite" VALUES(5910974510924292,4222124650661350)
INSERT INTO "unittesting$unittest" VALUES(5910974510924293,TRUE,'0 milliseconds','Microflow completed successfully',FALSE,'DateTimeWithZonesTests.TEST_formatDateTime_NoTimeZone','_3_Success','Starting microflow test ''DateTimeWithZonesTests.TEST_formatDateTime_NoTimeZone''','2021-10-03 23:52:39.377000')
DELETE FROM "unittesting$unittest_testsuite" WHERE "unittesting$unittestid"=5910974510924293 AND "unittesting$testsuiteid"=4222124650661350
INSERT INTO "unittesting$unittest_testsuite" VALUES(5910974510924293,4222124650661350)
INSERT INTO "unittesting$unittest" VALUES(5910974510924294,TRUE,'1 milliseconds','Microflow completed successfully',FALSE,'DateTimeWithZonesTests.TEST_formatDateTime_Singapore','_3_Success','Starting microflow test ''DateTimeWithZonesTests.TEST_formatDateTime_Singapore''','2021-10-03 23:52:39.383000')
DELETE FROM "unittesting$unittest_testsuite" WHERE "unittesting$unittestid"=5910974510924294 AND "unittesting$testsuiteid"=4222124650661350
INSERT INTO "unittesting$unittest_testsuite" VALUES(5910974510924294,4222124650661350)
INSERT INTO "unittesting$unittest" VALUES(5910974510924295,TRUE,'1 milliseconds','Microflow completed successfully',FALSE,'DateTimeWithZonesTests.TEST_isValidTimeZone_NewYork','_3_Success','Timezone America/NewYork is valid? false, correct? true','2021-10-03 23:52:39.388000')
DELETE FROM "unittesting$unittest_testsuite" WHERE "unittesting$unittestid"=5910974510924295 AND "unittesting$testsuiteid"=4222124650661350
INSERT INTO "unittesting$unittest_testsuite" VALUES(5910974510924295,4222124650661350)
INSERT INTO "unittesting$unittest" VALUES(5910974510924296,TRUE,'1 milliseconds','Microflow completed successfully',FALSE,'DateTimeWithZonesTests.TEST_isValidTimeZone_New_York','_3_Success','Timezone America/New_York is valid? true, correct? true','2021-10-03 23:52:39.394000')
DELETE FROM "unittesting$unittest_testsuite" WHERE "unittesting$unittestid"=5910974510924296 AND "unittesting$testsuiteid"=4222124650661350
INSERT INTO "unittesting$unittest_testsuite" VALUES(5910974510924296,4222124650661350)
DELETE FROM "unittesting$testsuite" WHERE "id"=4222124650661350
INSERT INTO "unittesting$testsuite" VALUES(4222124650661350,8,0,'Test_',0,TRUE,'UT_','DateTimeWithZonesTests','2021-10-03 23:52:39.341000','_3_Success')
COMMIT
DELETE FROM "mendixsystem$entityidentifier" WHERE "id"='9656d7c3-c31c-43d6-8760-9ac32c969129'
INSERT INTO "mendixsystem$entityidentifier" VALUES('9656d7c3-c31c-43d6-8760-9ac32c969129',21,701)
COMMIT
/*C12*/DELETE FROM "unittesting$unittest" WHERE "id"=5910974510924288
DELETE FROM "unittesting$unittest_testsuite" WHERE "unittesting$unittestid"=5910974510924288 AND "unittesting$testsuiteid"=4222124650661350
DELETE FROM "unittesting$unittest" WHERE "id"=5910974510924289
DELETE FROM "unittesting$unittest_testsuite" WHERE "unittesting$unittestid"=5910974510924289 AND "unittesting$testsuiteid"=4222124650661350
DELETE FROM "unittesting$unittest" WHERE "id"=5910974510924291
DELETE FROM "unittesting$unittest_testsuite" WHERE "unittesting$unittestid"=5910974510924291 AND "unittesting$testsuiteid"=4222124650661350
DELETE FROM "unittesting$unittest" WHERE "id"=5910974510924292
DELETE FROM "unittesting$unittest_testsuite" WHERE "unittesting$unittestid"=5910974510924292 AND "unittesting$testsuiteid"=4222124650661350
DELETE FROM "unittesting$unittest" WHERE "id"=5910974510924293
DELETE FROM "unittesting$unittest_testsuite" WHERE "unittesting$unittestid"=5910974510924293 AND "unittesting$testsuiteid"=4222124650661350
DELETE FROM "unittesting$unittest" WHERE "id"=5910974510924294
DELETE FROM "unittesting$unittest_testsuite" WHERE "unittesting$unittestid"=5910974510924294 AND "unittesting$testsuiteid"=4222124650661350
DELETE FROM "unittesting$unittest" WHERE "id"=5910974510924295
DELETE FROM "unittesting$unittest_testsuite" WHERE "unittesting$unittestid"=5910974510924295 AND "unittesting$testsuiteid"=4222124650661350
DELETE FROM "unittesting$unittest" WHERE "id"=5910974510924296
DELETE FROM "unittesting$unittest_testsuite" WHERE "unittesting$unittestid"=5910974510924296 AND "unittesting$testsuiteid"=4222124650661350
DELETE FROM "unittesting$testsuite" WHERE "id"=4222124650661350
DELETE FROM "unittesting$unittest" WHERE "id"=5910974510923777
DELETE FROM "unittesting$unittest" WHERE "id"=5910974510923778
DELETE FROM "unittesting$unittest" WHERE "id"=5910974510923779
DELETE FROM "unittesting$unittest" WHERE "id"=5910974510923780
DELETE FROM "unittesting$unittest" WHERE "id"=5910974510923781
DELETE FROM "unittesting$unittest" WHERE "id"=5910974510923782
DELETE FROM "unittesting$unittest" WHERE "id"=5910974510923783
DELETE FROM "unittesting$unittest" WHERE "id"=5910974510923784
INSERT INTO "unittesting$unittest" VALUES(5910974510923777,TRUE,NULL,NULL,FALSE,'UnitTesting.Test_FailingUnitTest',NULL,NULL,NULL)
DELETE FROM "unittesting$unittest_testsuite" WHERE "unittesting$unittestid"=5910974510923777 AND "unittesting$testsuiteid"=4222124650659842
INSERT INTO "unittesting$unittest_testsuite" VALUES(5910974510923777,4222124650659842)
INSERT INTO "unittesting$unittest" VALUES(5910974510923778,TRUE,NULL,NULL,FALSE,'UnitTesting.Test_IsAssertionErrorCheck',NULL,NULL,NULL)
DELETE FROM "unittesting$unittest_testsuite" WHERE "unittesting$unittestid"=5910974510923778 AND "unittesting$testsuiteid"=4222124650659842
INSERT INTO "unittesting$unittest_testsuite" VALUES(5910974510923778,4222124650659842)
INSERT INTO "unittesting$unittest" VALUES(5910974510923779,TRUE,NULL,NULL,FALSE,'UnitTesting.Test_ValidUnitTest',NULL,NULL,NULL)
DELETE FROM "unittesting$unittest_testsuite" WHERE "unittesting$unittestid"=5910974510923779 AND "unittesting$testsuiteid"=4222124650659842
INSERT INTO "unittesting$unittest_testsuite" VALUES(5910974510923779,4222124650659842)
INSERT INTO "unittesting$unittest" VALUES(5910974510923780,TRUE,NULL,NULL,FALSE,'UnitTesting.Test_WithoutReturn',NULL,NULL,NULL)
DELETE FROM "unittesting$unittest_testsuite" WHERE "unittesting$unittestid"=5910974510923780 AND "unittesting$testsuiteid"=4222124650659842
INSERT INTO "unittesting$unittest_testsuite" VALUES(5910974510923780,4222124650659842)
INSERT INTO "unittesting$unittest" VALUES(5910974510923781,TRUE,NULL,NULL,FALSE,'UnitTesting.UT_ValidUnitTest',NULL,NULL,NULL)
DELETE FROM "unittesting$unittest_testsuite" WHERE "unittesting$unittestid"=5910974510923781 AND "unittesting$testsuiteid"=4222124650659842
INSERT INTO "unittesting$unittest_testsuite" VALUES(5910974510923781,4222124650659842)
INSERT INTO "unittesting$unittest" VALUES(5910974510923782,FALSE,NULL,NULL,FALSE,'unittesting.UnittestingUnitTest1/testOfOneSecondSetupAndOneSecundRun',NULL,NULL,NULL)
DELETE FROM "unittesting$unittest_testsuite" WHERE "unittesting$unittestid"=5910974510923782 AND "unittesting$testsuiteid"=4222124650659842
INSERT INTO "unittesting$unittest_testsuite" VALUES(5910974510923782,4222124650659842)
INSERT INTO "unittesting$unittest" VALUES(5910974510923783,FALSE,NULL,NULL,FALSE,'unittesting.UnittestingUnitTest1/testThatThrowsException',NULL,NULL,NULL)
DELETE FROM "unittesting$unittest_testsuite" WHERE "unittesting$unittestid"=5910974510923783 AND "unittesting$testsuiteid"=4222124650659842
INSERT INTO "unittesting$unittest_testsuite" VALUES(5910974510923783,4222124650659842)
INSERT INTO "unittesting$unittest" VALUES(5910974510923784,FALSE,NULL,NULL,FALSE,'unittesting.UnittestingUnitTest2/evenMoreUnitTests',NULL,NULL,NULL)
DELETE FROM "unittesting$unittest_testsuite" WHERE "unittesting$unittestid"=5910974510923784 AND "unittesting$testsuiteid"=4222124650659842
INSERT INTO "unittesting$unittest_testsuite" VALUES(5910974510923784,4222124650659842)
DELETE FROM "unittesting$testsuite" WHERE "id"=4222124650659842
INSERT INTO "unittesting$testsuite" VALUES(4222124650659842,8,0,'Test_',0,TRUE,'UT_','UnitTesting',NULL,NULL)
INSERT INTO "unittesting$unittest" VALUES(5910974510924377,TRUE,NULL,NULL,FALSE,'DateTimeWithZonesTests.TEST_formatDateTime_BadTimeZone',NULL,NULL,NULL)
INSERT INTO "unittesting$unittest_testsuite" VALUES(5910974510924377,4222124650661445)
INSERT INTO "unittesting$unittest" VALUES(5910974510924378,TRUE,NULL,NULL,FALSE,'DateTimeWithZonesTests.TEST_formatDateTime_DefaultFormat',NULL,NULL,NULL)
INSERT INTO "unittesting$unittest_testsuite" VALUES(5910974510924378,4222124650661445)
INSERT INTO "unittesting$unittest" VALUES(5910974510924379,TRUE,NULL,NULL,FALSE,'DateTimeWithZonesTests.TEST_formatDateTime_London',NULL,NULL,NULL)
INSERT INTO "unittesting$unittest_testsuite" VALUES(5910974510924379,4222124650661445)
INSERT INTO "unittesting$unittest" VALUES(5910974510924380,TRUE,NULL,NULL,FALSE,'DateTimeWithZonesTests.TEST_formatDateTime_NewYork',NULL,NULL,NULL)
INSERT INTO "unittesting$unittest_testsuite" VALUES(5910974510924380,4222124650661445)
INSERT INTO "unittesting$unittest" VALUES(5910974510924381,TRUE,NULL,NULL,FALSE,'DateTimeWithZonesTests.TEST_formatDateTime_NoTimeZone',NULL,NULL,NULL)
INSERT INTO "unittesting$unittest_testsuite" VALUES(5910974510924381,4222124650661445)
INSERT INTO "unittesting$unittest" VALUES(5910974510924382,TRUE,NULL,NULL,FALSE,'DateTimeWithZonesTests.TEST_formatDateTime_Singapore',NULL,NULL,NULL)
INSERT INTO "unittesting$unittest_testsuite" VALUES(5910974510924382,4222124650661445)
INSERT INTO "unittesting$unittest" VALUES(5910974510924383,TRUE,NULL,NULL,FALSE,'DateTimeWithZonesTests.TEST_isValidTimeZone_NewYork',NULL,NULL,NULL)
INSERT INTO "unittesting$unittest_testsuite" VALUES(5910974510924383,4222124650661445)
INSERT INTO "unittesting$unittest" VALUES(5910974510924384,TRUE,NULL,NULL,FALSE,'DateTimeWithZonesTests.TEST_isValidTimeZone_New_York',NULL,NULL,NULL)
INSERT INTO "unittesting$unittest_testsuite" VALUES(5910974510924384,4222124650661445)
INSERT INTO "unittesting$testsuite" VALUES(4222124650661445,8,0,'Test_',0,TRUE,'UT_','DateTimeWithZonesTests',NULL,NULL)
COMMIT
/*C14*/DELETE FROM "mendixsystem$entityidentifier" WHERE "id"='660db38b-5ab4-4d15-b649-93a947ecea82'
INSERT INTO "mendixsystem$entityidentifier" VALUES('660db38b-5ab4-4d15-b649-93a947ecea82',18,1701)
COMMIT
DELETE FROM "unittesting$unittest" WHERE "id"=5910974510924377
INSERT INTO "unittesting$unittest" VALUES(5910974510924377,TRUE,NULL,NULL,FALSE,'DateTimeWithZonesTests.TEST_formatDateTime_BadTimeZone',NULL,NULL,NULL)
COMMIT
/*C12*/INSERT INTO "system$backgroundjob" VALUES(5066549580793409,NULL,'2021-10-04 09:17:41.788000',FALSE,1633339044618,NULL)
INSERT INTO "system$backgroundjob_session" VALUES(5066549580793409,6473924464346790)
COMMIT
DELETE FROM "unittesting$unittest" WHERE "id"=5910974510924378
INSERT INTO "unittesting$unittest" VALUES(5910974510924378,TRUE,NULL,NULL,FALSE,'DateTimeWithZonesTests.TEST_formatDateTime_DefaultFormat',NULL,NULL,NULL)
COMMIT
DELETE FROM "unittesting$unittest" WHERE "id"=5910974510924379
INSERT INTO "unittesting$unittest" VALUES(5910974510924379,TRUE,NULL,NULL,FALSE,'DateTimeWithZonesTests.TEST_formatDateTime_London',NULL,NULL,NULL)
COMMIT
DELETE FROM "unittesting$unittest" WHERE "id"=5910974510924380
INSERT INTO "unittesting$unittest" VALUES(5910974510924380,TRUE,NULL,NULL,FALSE,'DateTimeWithZonesTests.TEST_formatDateTime_NewYork',NULL,NULL,NULL)
COMMIT
DELETE FROM "unittesting$unittest" WHERE "id"=5910974510924381
INSERT INTO "unittesting$unittest" VALUES(5910974510924381,TRUE,NULL,NULL,FALSE,'DateTimeWithZonesTests.TEST_formatDateTime_NoTimeZone',NULL,NULL,NULL)
COMMIT
DELETE FROM "unittesting$unittest" WHERE "id"=5910974510924382
INSERT INTO "unittesting$unittest" VALUES(5910974510924382,TRUE,NULL,NULL,FALSE,'DateTimeWithZonesTests.TEST_formatDateTime_Singapore',NULL,NULL,NULL)
COMMIT
DELETE FROM "unittesting$unittest" WHERE "id"=5910974510924383
INSERT INTO "unittesting$unittest" VALUES(5910974510924383,TRUE,NULL,NULL,FALSE,'DateTimeWithZonesTests.TEST_isValidTimeZone_NewYork',NULL,NULL,NULL)
COMMIT
DELETE FROM "unittesting$unittest" WHERE "id"=5910974510924384
INSERT INTO "unittesting$unittest" VALUES(5910974510924384,TRUE,NULL,NULL,FALSE,'DateTimeWithZonesTests.TEST_isValidTimeZone_New_York',NULL,NULL,NULL)
COMMIT
DELETE FROM "unittesting$unittest" WHERE "id"=5910974510924377
INSERT INTO "unittesting$unittest" VALUES(5910974510924377,TRUE,NULL,'',FALSE,'DateTimeWithZonesTests.TEST_formatDateTime_BadTimeZone','_1_Running',NULL,'2021-10-04 09:17:41.802000')
COMMIT
DELETE FROM "mendixsystem$entityidentifier" WHERE "id"='4beaee07-595a-4371-bbe4-7d86875f0ebb'
INSERT INTO "mendixsystem$entityidentifier" VALUES('4beaee07-595a-4371-bbe4-7d86875f0ebb',4,1201)
COMMIT
DELETE FROM "unittesting$unittest" WHERE "id"=5910974510924377
INSERT INTO "unittesting$unittest" VALUES(5910974510924377,TRUE,'19 milliseconds','Microflow completed successfully',FALSE,'DateTimeWithZonesTests.TEST_formatDateTime_BadTimeZone','_3_Success','Bad timezone detected and error successfully thrown','2021-10-04 09:17:41.802000')
COMMIT
DELETE FROM "unittesting$unittest" WHERE "id"=5910974510924378
INSERT INTO "unittesting$unittest" VALUES(5910974510924378,TRUE,NULL,'',FALSE,'DateTimeWithZonesTests.TEST_formatDateTime_DefaultFormat','_1_Running',NULL,'2021-10-04 09:17:41.835000')
COMMIT
DELETE FROM "unittesting$unittest" WHERE "id"=5910974510924378
INSERT INTO "unittesting$unittest" VALUES(5910974510924378,TRUE,'5 milliseconds','Microflow completed successfully',FALSE,'DateTimeWithZonesTests.TEST_formatDateTime_DefaultFormat','_3_Success','Starting microflow test ''DateTimeWithZonesTests.TEST_formatDateTime_DefaultFormat''','2021-10-04 09:17:41.835000')
COMMIT
DELETE FROM "unittesting$unittest" WHERE "id"=5910974510924379
INSERT INTO "unittesting$unittest" VALUES(5910974510924379,TRUE,NULL,'',FALSE,'DateTimeWithZonesTests.TEST_formatDateTime_London','_1_Running',NULL,'2021-10-04 09:17:41.847000')
COMMIT
DELETE FROM "unittesting$unittest" WHERE "id"=5910974510924379
INSERT INTO "unittesting$unittest" VALUES(5910974510924379,TRUE,'1 milliseconds','Microflow completed successfully',FALSE,'DateTimeWithZonesTests.TEST_formatDateTime_London','_3_Success','Starting microflow test ''DateTimeWithZonesTests.TEST_formatDateTime_London''','2021-10-04 09:17:41.847000')
COMMIT
DELETE FROM "unittesting$unittest" WHERE "id"=5910974510924380
INSERT INTO "unittesting$unittest" VALUES(5910974510924380,TRUE,NULL,'',FALSE,'DateTimeWithZonesTests.TEST_formatDateTime_NewYork','_1_Running',NULL,'2021-10-04 09:17:41.854000')
COMMIT
DELETE FROM "unittesting$unittest" WHERE "id"=5910974510924380
INSERT INTO "unittesting$unittest" VALUES(5910974510924380,TRUE,'1 milliseconds','Microflow completed successfully',FALSE,'DateTimeWithZonesTests.TEST_formatDateTime_NewYork','_3_Success','Starting microflow test ''DateTimeWithZonesTests.TEST_formatDateTime_NewYork''','2021-10-04 09:17:41.854000')
COMMIT
DELETE FROM "unittesting$unittest" WHERE "id"=5910974510924381
INSERT INTO "unittesting$unittest" VALUES(5910974510924381,TRUE,NULL,'',FALSE,'DateTimeWithZonesTests.TEST_formatDateTime_NoTimeZone','_1_Running',NULL,'2021-10-04 09:17:41.862000')
COMMIT
DELETE FROM "unittesting$unittest" WHERE "id"=5910974510924381
INSERT INTO "unittesting$unittest" VALUES(5910974510924381,TRUE,'1 milliseconds','Microflow completed successfully',FALSE,'DateTimeWithZonesTests.TEST_formatDateTime_NoTimeZone','_3_Success','Starting microflow test ''DateTimeWithZonesTests.TEST_formatDateTime_NoTimeZone''','2021-10-04 09:17:41.862000')
COMMIT
DELETE FROM "unittesting$unittest" WHERE "id"=5910974510924382
INSERT INTO "unittesting$unittest" VALUES(5910974510924382,TRUE,NULL,'',FALSE,'DateTimeWithZonesTests.TEST_formatDateTime_Singapore','_1_Running',NULL,'2021-10-04 09:17:41.871000')
COMMIT
DELETE FROM "unittesting$unittest" WHERE "id"=5910974510924382
INSERT INTO "unittesting$unittest" VALUES(5910974510924382,TRUE,'1 milliseconds','Microflow completed successfully',FALSE,'DateTimeWithZonesTests.TEST_formatDateTime_Singapore','_3_Success','Starting microflow test ''DateTimeWithZonesTests.TEST_formatDateTime_Singapore''','2021-10-04 09:17:41.871000')
COMMIT
DELETE FROM "unittesting$unittest" WHERE "id"=5910974510924383
INSERT INTO "unittesting$unittest" VALUES(5910974510924383,TRUE,NULL,'',FALSE,'DateTimeWithZonesTests.TEST_isValidTimeZone_NewYork','_1_Running',NULL,'2021-10-04 09:17:41.879000')
COMMIT
DELETE FROM "unittesting$unittest" WHERE "id"=5910974510924383
INSERT INTO "unittesting$unittest" VALUES(5910974510924383,TRUE,'1 milliseconds','Microflow completed successfully',FALSE,'DateTimeWithZonesTests.TEST_isValidTimeZone_NewYork','_3_Success','Timezone America/NewYork is valid? false, correct? true','2021-10-04 09:17:41.879000')
COMMIT
DELETE FROM "unittesting$unittest" WHERE "id"=5910974510924384
INSERT INTO "unittesting$unittest" VALUES(5910974510924384,TRUE,NULL,'',FALSE,'DateTimeWithZonesTests.TEST_isValidTimeZone_New_York','_1_Running',NULL,'2021-10-04 09:17:41.887000')
COMMIT
DELETE FROM "unittesting$unittest" WHERE "id"=5910974510924384
INSERT INTO "unittesting$unittest" VALUES(5910974510924384,TRUE,'1 milliseconds','Microflow completed successfully',FALSE,'DateTimeWithZonesTests.TEST_isValidTimeZone_New_York','_3_Success','Timezone America/New_York is valid? true, correct? true','2021-10-04 09:17:41.887000')
COMMIT
/*C15*/DELETE FROM "unittesting$testsuite" WHERE "id"=4222124650661445
INSERT INTO "unittesting$testsuite" VALUES(4222124650661445,8,0,'Test_',0,TRUE,'UT_','DateTimeWithZonesTests','2021-10-04 09:17:41.781000','_3_Success')
COMMIT
DELETE FROM "system$backgroundjob" WHERE "id"=5066549580793409
INSERT INTO "system$backgroundjob" VALUES(5066549580793409,'2021-10-04 09:17:41.912000','2021-10-04 09:17:41.788000',FALSE,1633339044618,'{"body":{"commits":["4222124650661445"],"changes":{},"resets":{},"deletes":[],"newpersistable":[],"committedObjectsOmitted":false,"instructions":[{"args":{"classnames":["UnitTesting.TestSuite"]},"target":"system","type":"refresh_class"},{"args":{"ObjectIds":["4222124650661445"]},"target":"system","type":"refresh_object_list"}],"objects":[{"attributes":{"TestCount":{"value":"8","readonly":true},"LastRun":{"value":1633339061781,"readonly":true},"LastRunTime":{"value":"0","readonly":true},"AutoRollbackMFs":{"value":true},"TestFailedCount":{"value":"0","readonly":true},"Result":{"value":"_3_Success","readonly":true},"Prefix1":{"value":"Test_","readonly":true},"Prefix2":{"value":"UT_","readonly":true},"Module":{"value":"DateTimeWithZonesTests"}},"guid":"4222124650661445","hash":"6Wxg3FYRor8+nZNg0Q8wctSjid73nd2l5EgXMf8nx1s=","objectType":"UnitTesting.TestSuite"}]},"status":200}')
COMMIT
DELETE FROM "system$backgroundjob" WHERE "id"=5066549580793409
DELETE FROM "system$backgroundjob_session" WHERE "system$backgroundjobid"=5066549580793409 AND "system$sessionid"=6473924464346790
COMMIT
/*C12*/DELETE FROM "system$session" WHERE "id"=6473924464346789
INSERT INTO "system$session" VALUES(6473924464346789,'8da30a1c-2e0e-467c-8010-b1d830033cf0','2021-10-04 09:17:25.040000','f2cfb8c8-e1e5-43ec-85ae-b7b384e6ed3f','2021-10-04 09:17:25.056000','f1bf8b8f-f6f3-48f7-a715-4c3185695cdf')
DELETE FROM "system$session" WHERE "id"=6473924464346790
INSERT INTO "system$session" VALUES(6473924464346790,'1c9479cd-af1d-4c36-b558-cd461a287aad','2021-10-04 09:17:25.040000','82ae1d96-2b4e-4dbb-8127-366ddf38eb7e','2021-10-04 09:17:42.344000','f82649bb-6477-438d-a4ed-24f3ec2f6040')
COMMIT
DELETE FROM "system$xasinstance" WHERE "id"=562949953423013
INSERT INTO "system$xasinstance" VALUES(562949953423013,'795bf3b9-b5c5-4992-be51-e71fffabd425','2021-10-04 09:17:22.448000','2021-10-04 09:22:24.357000',NULL,NULL,NULL)
COMMIT
DELETE FROM "system$session" WHERE "id"=6473924464346790
INSERT INTO "system$session" VALUES(6473924464346790,'1c9479cd-af1d-4c36-b558-cd461a287aad','2021-10-04 09:17:25.040000','82ae1d96-2b4e-4dbb-8127-366ddf38eb7e','2021-10-04 09:22:26.175000','f82649bb-6477-438d-a4ed-24f3ec2f6040')
COMMIT
/*C13*/DISCONNECT
/*C15*/DISCONNECT
/*C12*/DELETE FROM "system$xasinstance" WHERE "id"=562949953423013
INSERT INTO "system$xasinstance" VALUES(562949953423013,'795bf3b9-b5c5-4992-be51-e71fffabd425','2021-10-04 09:17:22.448000','2021-10-04 09:27:24.369000',NULL,NULL,NULL)
COMMIT
DELETE FROM "system$session" WHERE "id"=6473924464346790
INSERT INTO "system$session" VALUES(6473924464346790,'1c9479cd-af1d-4c36-b558-cd461a287aad','2021-10-04 09:17:25.040000','82ae1d96-2b4e-4dbb-8127-366ddf38eb7e','2021-10-04 09:27:26.162000','f82649bb-6477-438d-a4ed-24f3ec2f6040')
COMMIT
/*C14*/DISCONNECT
/*C12*/DELETE FROM "system$xasinstance" WHERE "id"=562949953423013
INSERT INTO "system$xasinstance" VALUES(562949953423013,'795bf3b9-b5c5-4992-be51-e71fffabd425','2021-10-04 09:17:22.448000','2021-10-04 09:32:24.384000',NULL,NULL,NULL)
COMMIT
/*C11*/DELETE FROM "system$user" WHERE "id"=281474976712357
DELETE FROM "system$user_timezone" WHERE "system$userid"=281474976712357 AND "system$timezoneid"=2251799813685656
DELETE FROM "system$userroles" WHERE "system$userid"=281474976712357 AND "system$userroleid"=2814749767106562
DELETE FROM "system$user_language" WHERE "system$userid"=281474976712357 AND "system$languageid"=7318349394477057
DELETE FROM "system$session_user" WHERE "system$sessionid"=6473924464346789 AND "system$userid"=281474976712357
COMMIT
DELETE FROM "system$session" WHERE "id"=6473924464346789
COMMIT
DELETE FROM "system$session" WHERE "id"=6473924464346790
INSERT INTO "system$session" VALUES(6473924464346790,'1c9479cd-af1d-4c36-b558-cd461a287aad','2021-10-04 09:17:25.040000','82ae1d96-2b4e-4dbb-8127-366ddf38eb7e','2021-10-04 09:32:26.174000','f82649bb-6477-438d-a4ed-24f3ec2f6040')
COMMIT
DELETE FROM "system$xasinstance" WHERE "id"=562949953423013
INSERT INTO "system$xasinstance" VALUES(562949953423013,'795bf3b9-b5c5-4992-be51-e71fffabd425','2021-10-04 09:17:22.448000','2021-10-04 09:37:24.398000',NULL,NULL,NULL)
COMMIT
DELETE FROM "system$session" WHERE "id"=6473924464346790
INSERT INTO "system$session" VALUES(6473924464346790,'1c9479cd-af1d-4c36-b558-cd461a287aad','2021-10-04 09:17:25.040000','82ae1d96-2b4e-4dbb-8127-366ddf38eb7e','2021-10-04 09:37:26.149000','f82649bb-6477-438d-a4ed-24f3ec2f6040')
COMMIT
